### ISSUE TITLE
Either extensions (!cmd) work or 'r', 'ub', etc debugger commands work, but not both

### ISSUE THREAD

**Issue by jdemott** [bnagy/rBuggery#3]
I'm using the recommended version of debugging tools (6.12.2.633), hoping to avoid issues like this.

However, I have a problem.  For 64 programs the extensions work and debugger commands fail like this:
C:/Ruby200-x64/lib/ruby/2.0.0/buggery.rb:422:in `raise_errorcode': execute retur
ned unknown error code: 0x80040205 (RuntimeError)
        from C:/Ruby200-x64/lib/ruby/2.0.0/buggery.rb:137:in`execute'
        from exception_example.rb:16:in `block in <main>'
        from C:/Ruby200-x64/lib/ruby/2.0.0/buggery/event_callbacks.rb:197:in`ca
ll'
        from C:/Ruby200-x64/lib/ruby/2.0.0/buggery/event_callbacks.rb:197:in `bl
ock in add_com_callback'
        from C:/Ruby200-x64/lib/ruby/2.0.0/buggery/raw_buggery.rb:740:in`call'
        from C:/Ruby200-x64/lib/ruby/2.0.0/buggery/raw_buggery.rb:740:in `call'
        from C:/Ruby200-x64/lib/ruby/2.0.0/buggery/raw_buggery.rb:740:in`method
_missing'
        from C:/Ruby200-x64/lib/ruby/2.0.0/buggery.rb:233:in `wait_for_event'
        from exception_example.rb:37:in`block in <main>'
        from exception_example.rb:36:in `loop'
        from exception_example.rb:36:in`<main>'

If I switch my env var, and go after a 32 bit program the extension don't seem to even try to run, but the debugger commands work:
c0000005 - Second chance

wow64!Wow64LdrpInitialize+0x8b7:
74dccb2b cc              int     3
74dccb2c 48              dec     eax
74dccb2d 83ec28          sub     esp,28h
74dccb30 6548            dec     eax
74dccb32 8b042530000000  mov     eax,dword ptr ds:[30h]
74dccb39 48              dec     eax
74dccb3a c7809014000004000000 mov dword ptr [eax+1490h],4
74dccb44 e85fbbffff      call    wow64+0x86a8 (74dc86a8)

eax=7efd8000 ebx=0608efb0 ecx=0608d880 edx=00000000 esi=74dc86cb edi=00000000
eip=74dccb49 esp=0608dd60 ebp=0608e220 iopl=0         nv up ei pl nz na pe nc
cs=0033  ss=002b  ds=002b  es=002b  fs=0053  gs=002b             efl=00000204
wow64!Wow64LdrpInitialize+0x8d5:
0033:74dccb49 <Effective machine and debuggee state conflict, disassembly not po
ssible>
wow64!Wow64LdrpInitialize+0x8b7:
74dccb2b cc              int     3
74dccb2c 48              dec     eax
74dccb2d 83ec28          sub     esp,28h
74dccb30 6548            dec     eax
74dccb32 8b042530000000  mov     eax,dword ptr ds:[30h]
74dccb39 48              dec     eax
74dccb3a c7809014000004000000 mov dword ptr [eax+1490h],4
74dccb44 e85fbbffff      call    wow64+0x86a8 (74dc86a8)
wow64!Wow64LdrpInitialize+0x8d5:
74dccb49 654c            dec     esp
74dccb4b 8b1c2530000000  mov     ebx,dword ptr ds:[30h]
74dccb52 49              dec     ecx
74dccb53 83a39014000000  and     dword ptr [ebx+1490h],0
74dccb5a b001            mov     al,1
74dccb5c eb13            jmp     wow64!Wow64LdrpInitialize+0x8fd (74dccb71)
74dccb5e 6548            dec     eax
